<?xml version="1.0" encoding="UTF-8"?>
<!-- Generated by org.testng.reporters.JUnitXMLReporter -->
<testsuite ignored="1" hostname="Krishnavenis-MacBook-Air.local" failures="0" tests="5" name="Application Test" time="0.081" errors="0" timestamp="2021-06-19T14:13:06 IST">
  <testcase classname="TestSuite1.TC1" name="SignUpValid" time="0.016"/>
  <testcase classname="TestSuite1.TC1" name="LoginValidTest" time="0.001"/>
  <testcase classname="TestSuite1.TC2" name="HomePage3" time="0.001"/>
  <testcase classname="TestSuite1.TC2" name="HomePage2" time="0.001"/>
  <testcase classname="TestSuite1.TC2" name="HomePage1" time="0.001"/>
  <testcase classname="TestSuite1.TC1" name="LoginInvalidTest" time="0.0">
    <ignored/>
  </testcase> <!-- LoginInvalidTest -->
</testsuite> <!-- Application Test -->
