<?xml version="1.0" encoding="UTF-8"?>
<testng-results ignored="0" total="1" passed="1" failed="0" skipped="0">
  <reporter-output>
  </reporter-output>
  <suite started-at="2021-06-19T14:23:00 IST" name="Suite" finished-at="2021-06-19T14:23:22 IST" duration-ms="22257">
    <groups>
    </groups>
    <test started-at="2021-06-19T14:23:00 IST" name="Test" finished-at="2021-06-19T14:23:22 IST" duration-ms="22257">
      <class name="Simplilearn.LoginTesting">
        <test-method signature="Login1()[pri:0, instance:Simplilearn.LoginTesting@62e7f11d]" started-at="2021-06-19T14:23:00 IST" name="Login1" finished-at="2021-06-19T14:23:22 IST" duration-ms="22215" status="PASS">
          <reporter-output>
          </reporter-output>
        </test-method> <!-- Login1 -->
      </class> <!-- Simplilearn.LoginTesting -->
    </test> <!-- Test -->
  </suite> <!-- Suite -->
</testng-results>
